array([[42, 48,  0,  7, 18, 29,  9,  3,  2, 47],
       [22, 49, 14, 21, 32, 38, 12,  6,  6, 49],
       [ 0,  0, 34,  0,  0,  0,  0,  0,  0,  0],
       [ 0,  0,  0, 26,  0,  0,  0,  0,  0,  0],
       [ 0,  0,  0,  0, 10,  0,  0,  0,  0,  0],
       [ 0,  0,  0,  0,  0, 38,  0,  0,  0,  0],
       [ 0,  0,  0,  0,  0,  0, 44,  0,  0,  0],
       [ 0,  0,  0,  0,  0, 13,  3, 44,  0,  0],
       [ 0,  0,  0,  0,  0,  0,  0,  0,  8,  0],
       [ 0,  0,  0,  0,  0,  0,  0,  0,  0, 46]])


#### Threshold 0.3
\begin{tabular}{lllll}
\toprule
Gesto & Přesnost & Preciznost & Odezva & F1-skóre \\
\midrule
Průměr & 0,892400 & 0,473611 & 0,682000 & 0,559016 \\
ALL & 0,658000 & 0,204878 & 0,840000 & 0,329412 \\
IDX & 0,598000 & 0,196787 & 0,980000 & 0,327759 \\
FST & 0,968000 & 1,000000 & 0,680000 & 0,809524 \\
MAY & 0,952000 & 1,000000 & 0,520000 & 0,684211 \\
OK & 0,920000 & 1,000000 & 0,200000 & 0,333333 \\
SW-B & 0,976000 & 1,000000 & 0,760000 & 0,863636 \\
SW-F & 0,988000 & 1,000000 & 0,880000 & 0,936170 \\
SW & 0,956000 & 0,733333 & 0,880000 & 0,800000 \\
VIC & 0,916000 & 1,000000 & 0,160000 & 0,275862 \\
WV & 0,992000 & 1,000000 & 0,920000 & 0,958333 \\
\bottomrule
\end{tabular}

array([[46, 50, 21, 46, 42, 50, 33, 27, 14, 50],
       [46, 50, 44, 50, 49, 50, 32, 26, 18, 50],
       [ 0,  0, 47,  0,  0,  0,  0,  0,  0,  0],
       [ 0,  0,  0, 49,  0, 42,  0,  0,  0,  0],
       [ 0,  0,  0,  0, 30,  0,  0,  0,  0,  0],
       [ 0,  0,  0,  0,  0, 45,  0,  0,  0,  0],
       [ 0,  0,  0,  0,  0,  0, 33,  0,  0,  0],
       [ 0,  0,  0,  0,  0, 36, 25, 50,  0,  0],
       [ 0,  0,  0,  0,  0,  0,  0,  0, 36,  0],
       [ 0,  0,  0,  0,  0,  0,  0,  0,  0, 49]])


#### Threshold 0.4
\begin{tabular}{lllll}
\toprule
Gesto & Přesnost & Preciznost & Odezva & F1-skóre \\
\midrule
Průměr & 0,826800 & 0,351942 & 0,870000 & 0,501152 \\
ALL & 0,326000 & 0,121372 & 0,920000 & 0,214452 \\
IDX & 0,270000 & 0,120482 & 1,000000 & 0,215054 \\
FST & 0,994000 & 1,000000 & 0,940000 & 0,969072 \\
MAY & 0,914000 & 0,538462 & 0,980000 & 0,695035 \\
OK & 0,960000 & 1,000000 & 0,600000 & 0,750000 \\
SW-B & 0,990000 & 1,000000 & 0,900000 & 0,947368 \\
SW-F & 0,966000 & 1,000000 & 0,660000 & 0,795181 \\
SW & 0,878000 & 0,450450 & 1,000000 & 0,621118 \\
VIC & 0,972000 & 1,000000 & 0,720000 & 0,837209 \\
WV & 0,998000 & 1,000000 & 0,980000 & 0,989899 \\
\bottomrule
\end{tabular}

array([[49, 50, 43, 50, 47, 50, 48, 43, 22, 50],
       [49, 50, 48, 50, 50, 50, 42, 44, 26, 50],
       [ 0,  0, 49,  0,  0,  0,  0,  0,  0,  0],
       [ 0,  0,  0, 50,  0, 47,  0,  0,  0,  0],
       [ 0,  0,  0,  0, 48,  0,  0,  0,  0,  0],
       [ 0,  0,  0,  0,  0, 47,  0,  0,  0,  0],
       [ 0,  0,  0,  0,  0,  0, 44,  0,  0,  0],
       [ 0,  0,  0,  0,  0, 48, 48, 50,  0,  0],
       [ 0,  0,  0,  0,  0,  0,  0,  0, 50,  0],
       [ 0,  6,  0,  0,  0,  0,  0,  2,  0, 50]])


#### Threshold 0.5
\begin{tabular}{lllll}
\toprule
Gesto & Přesnost & Preciznost & Odezva & F1-skóre \\
\midrule
Průměr & 0,804800 & 0,335862 & 0,974000 & 0,499487 \\
ALL & 0,192000 & 0,108407 & 0,980000 & 0,195219 \\
IDX & 0,182000 & 0,108932 & 1,000000 & 0,196464 \\
FST & 0,998000 & 1,000000 & 0,980000 & 0,989899 \\
MAY & 0,906000 & 0,515464 & 1,000000 & 0,680272 \\
OK & 0,996000 & 1,000000 & 0,960000 & 0,979592 \\
SW-B & 0,994000 & 1,000000 & 0,940000 & 0,969072 \\
SW-F & 0,988000 & 1,000000 & 0,880000 & 0,936170 \\
SW & 0,808000 & 0,342466 & 1,000000 & 0,510204 \\
VIC & 1,000000 & 1,000000 & 1,000000 & 1,000000 \\
WV & 0,984000 & 0,862069 & 1,000000 & 0,925926 \\
\bottomrule
\end{tabular}

array([[ 7,  0,  0,  0,  0,  0,  0,  0,  0,  0],
       [ 0, 45,  0,  0,  0,  0,  0,  0,  0,  0],
       [ 0,  0, 50,  0,  0,  0,  0,  0,  0,  0],
       [ 0,  0,  0,  6,  0,  0,  0,  0,  0,  0],
       [ 0,  0,  0,  0, 50,  0,  0,  0,  0,  0],
       [ 0,  0,  0,  0,  0, 46,  0,  0,  0,  0],
       [ 0,  0,  0,  0,  0,  0, 40,  0,  0,  0],
       [ 0,  0,  0,  0,  0,  7,  1, 36,  0,  0],
       [ 0,  0,  0,  0,  0,  0,  0,  0, 49,  0],
       [ 0,  0,  0,  0,  0,  0,  0,  0,  0, 48]])


#### Threshold gen
\begin{tabular}{lllll}
\toprule
Gesto & Přesnost & Preciznost & Odezva & F1-skóre \\
\midrule
Průměr & 0,973800 & 0,979221 & 0,754000 & 0,851977 \\
ALL & 0,914000 & 1,000000 & 0,140000 & 0,245614 \\
IDX & 0,990000 & 1,000000 & 0,900000 & 0,947368 \\
FST & 1,000000 & 1,000000 & 1,000000 & 1,000000 \\
MAY & 0,912000 & 1,000000 & 0,120000 & 0,214286 \\
OK & 1,000000 & 1,000000 & 1,000000 & 1,000000 \\
SW-B & 0,992000 & 1,000000 & 0,920000 & 0,958333 \\
SW-F & 0,980000 & 1,000000 & 0,800000 & 0,888889 \\
SW & 0,956000 & 0,818182 & 0,720000 & 0,765957 \\
VIC & 0,998000 & 1,000000 & 0,980000 & 0,989899 \\
WV & 0,996000 & 1,000000 & 0,960000 & 0,979592 \\
\bottomrule
\end{tabular}

